2025-04-21 18:53:08,853 - INFO - Received choice: 1
2025-04-21 18:53:08,855 - INFO - Updated hosts_data.yml with template: none
2025-04-21 18:53:31,279 - INFO - Action completed, exiting
2025-04-21 18:53:39,308 - INFO - Received choice: 3
2025-04-21 18:53:39,311 - INFO - Updated hosts_data.yml with template: none
2025-04-21 18:53:53,666 - INFO - Action completed, exiting
2025-04-21 19:10:57,685 - INFO - Received choice: 3
2025-04-21 19:10:57,687 - INFO - Updated hosts_data.yml with template: none
2025-04-21 19:11:12,521 - INFO - Action completed, exiting
2025-04-21 19:17:05,184 - INFO - Received choice: 3
2025-04-21 19:17:05,187 - INFO - Updated hosts_data.yml with template: none
2025-04-21 19:17:22,326 - INFO - Action completed, exiting
2025-04-21 19:17:37,941 - INFO - Received choice: 1
2025-04-21 19:17:37,943 - INFO - Updated hosts_data.yml with template: none
2025-04-21 19:17:59,987 - INFO - Action completed, exiting
2025-04-21 19:18:26,523 - INFO - Received choice: 2
2025-04-21 19:18:26,525 - INFO - Updated hosts_data.yml with template: interface_template.j2
2025-04-21 19:18:41,424 - INFO - Action completed, exiting
2025-04-21 19:26:22,302 - INFO - Received choice: 2
2025-04-21 19:26:22,304 - INFO - Updated hosts_data.yml with template: interface_template.j2
2025-04-21 19:26:37,374 - INFO - Action completed, exiting
2025-04-21 19:32:33,913 - INFO - Received choice: 2
2025-04-21 19:32:33,916 - INFO - Updated hosts_data.yml with template: interface_template.j2
2025-04-21 19:32:48,851 - INFO - Action completed, exiting
2025-04-21 19:37:30,010 - INFO - Received choice: 2
2025-04-21 19:37:30,013 - INFO - Updated hosts_data.yml with template: templates/interface_template.j2
2025-04-21 19:37:44,884 - INFO - Action completed, exiting
2025-04-21 19:43:20,558 - INFO - Received choice: 1
2025-04-21 19:43:20,560 - INFO - Updated hosts_data.yml with template: none
2025-04-21 19:43:42,620 - INFO - Action completed, exiting
2025-04-21 19:43:53,231 - INFO - Received choice: 2
2025-04-21 19:43:53,233 - INFO - Updated hosts_data.yml with template: templates/interface_template.j2
2025-04-21 19:44:08,110 - INFO - Action completed, exiting
2025-04-21 19:44:25,150 - INFO - Received choice: 3
2025-04-21 19:44:25,152 - INFO - Updated hosts_data.yml with template: none
2025-04-21 19:44:42,756 - INFO - Action completed, exiting
2025-04-21 19:48:18,569 - INFO - Received choice: 2
2025-04-21 19:48:18,571 - INFO - Updated hosts_data.yml with template: templates/interface_template.j2
2025-04-21 19:48:33,984 - INFO - Action completed, exiting
2025-04-22 18:09:24,310 - INFO - Received choice: 1
2025-04-22 18:09:24,313 - INFO - Updated hosts_data.yml with template: none
2025-04-22 18:09:49,142 - INFO - Action completed, exiting
2025-04-22 18:09:58,345 - INFO - Received choice: 3
2025-04-22 18:09:58,347 - INFO - Updated hosts_data.yml with template: none
2025-04-22 18:10:14,347 - INFO - Action completed, exiting
2025-04-22 18:10:25,465 - INFO - Received choice: 2
2025-04-22 18:10:25,468 - INFO - Updated hosts_data.yml with template: templates/interface_template.j2
2025-04-22 18:10:40,661 - INFO - Action completed, exiting
2025-04-22 18:21:21,994 - INFO - Received choice: 1
2025-04-22 18:21:21,996 - INFO - Updated hosts_data.yml with template: none
2025-04-22 18:21:43,747 - INFO - Action completed, exiting
2025-04-22 18:21:48,098 - INFO - Received choice: 3
2025-04-22 18:21:48,100 - INFO - Updated hosts_data.yml with template: none
2025-04-22 18:22:04,315 - INFO - Action completed, exiting
2025-04-22 18:22:14,058 - INFO - Received choice: 2
2025-04-22 18:22:14,061 - INFO - Updated hosts_data.yml with template: templates/interface_template.j2
2025-04-22 18:22:29,105 - INFO - Action completed, exiting
